<?xml version="1.0" encoding="UTF-8"?>
<testsuites name="TS-login-logout" time="27.291" tests="2" failures="0" errors="0">
   <testsuite name="TS-login-logout" tests="2" failures="0" errors="0" time="27.291" skipped="0" timestamp="2023-08-03 22:29:14" hostname="acer - anehsialan" id="Test Suites/TS-login/TS-login-logout">
      <properties>
         <property name="deviceName" value=""/>
         <property name="devicePlatform" value=""/>
         <property name="logFolder" value="C:\\Users\\acer\\git\\webuiproject\\Reports\\20230803_222842\\TS-login\\TS-login-logout\\20230803_222902"/>
         <property name="logFiles" value="C:\\Users\\acer\\git\\webuiproject\\Reports\\20230803_222842\\TS-login\\TS-login-logout\\20230803_222902\\execution0.log"/>
         <property name="attachments" value=""/>
         <property name="hostName" value="acer - anehsialan"/>
         <property name="os" value="Windows 11 64bit"/>
         <property name="katalonVersion" value="8.6.5.208"/>
         <property name="browser" value="Chrome 115.0.0.0"/>
         <property name="hostAddress" value="192.168.233.170"/>
         <property name="sessionId" value="c77edaee8fef2e22e79719063efb3bbc"/>
         <property name="seleniumVersion" value="3.141.59"/>
         <property name="proxyInformation" value="ProxyInformation { proxyOption=NO_PROXY, proxyServerType=HTTP, username=, password=********, proxyServerAddress=, proxyServerPort=0, executionList=&quot;&quot;, isApplyToDesiredCapabilities=true }"/>
         <property name="platform" value="Windows 11"/>
      </properties>
      <testcase name="Test Cases/Reuse TC/RTC-01 login" time="22.231" classname="Test Cases/Reuse TC/RTC-01 login" status="PASSED">
         <system-out><![CDATA[2023-08-03 22:29:14 - [TEST_CASE][PASSED] - Test Cases/Reuse TC/RTC-01 login: Test Cases/Reuse TC/RTC-01 login

2023-08-03 22:29:14 - [TEST_STEP][PASSED] - openBrowser(""): Browser is opened with url: ''

2023-08-03 22:29:14 - [MESSAGE][INFO] - Starting 'Chrome' driver

2023-08-03 22:29:14 - [MESSAGE][INFO] - Action delay is set to 1,000 milliseconds

2023-08-03 22:29:16 - [MESSAGE][PASSED] - Browser is opened with url: ''

2023-08-03 22:29:16 - [TEST_STEP][PASSED] - navigateToUrl(URL): Navigate to 'https://katalon-demo-cura.herokuapp.com/' successfully

2023-08-03 22:29:26 - [MESSAGE][PASSED] - Navigate to 'https://katalon-demo-cura.herokuapp.com/' successfully

2023-08-03 22:29:26 - [TEST_STEP][PASSED] - maximizeWindow(): Current window maximized

2023-08-03 22:29:26 - [MESSAGE][PASSED] - Current window maximized

2023-08-03 22:29:26 - [TEST_STEP][PASSED] - click(findTestObject("Page_CURA Healthcare Service/BtnMakeAppointment")): Object: 'Object Repository/Page_CURA Healthcare Service/BtnMakeAppointment' is clicked on

2023-08-03 22:29:29 - [MESSAGE][PASSED] - Object: 'Object Repository/Page_CURA Healthcare Service/BtnMakeAppointment' is clicked on

2023-08-03 22:29:29 - [TEST_STEP][PASSED] - setText(findTestObject("Page_CURA Healthcare Service/txtUsername"), NAME): Text 'John Doe' is set on object 'Object Repository/Page_CURA Healthcare Service/txtUsername'

2023-08-03 22:29:31 - [MESSAGE][PASSED] - Text 'John Doe' is set on object 'Object Repository/Page_CURA Healthcare Service/txtUsername'

2023-08-03 22:29:31 - [TEST_STEP][PASSED] - setEncryptedText(findTestObject("Page_CURA Healthcare Service/txtPassword"), PASS): Text ****** has been set on object 'Object Repository/Page_CURA Healthcare Service/txtPassword'

2023-08-03 22:29:34 - [MESSAGE][PASSED] - Text ****** has been set on object 'Object Repository/Page_CURA Healthcare Service/txtPassword'

2023-08-03 22:29:34 - [TEST_STEP][PASSED] - click(findTestObject("Page_CURA Healthcare Service/btnLogin")): Object: 'Object Repository/Page_CURA Healthcare Service/btnLogin' is clicked on

2023-08-03 22:29:36 - [MESSAGE][PASSED] - Object: 'Object Repository/Page_CURA Healthcare Service/btnLogin' is clicked on]]></system-out>
         <system-err><![CDATA[]]></system-err>
      </testcase>
      <testcase name="Test Cases/Reuse TC/RTC-02 logout" time="4.892" classname="Test Cases/Reuse TC/RTC-02 logout" status="PASSED">
         <system-out><![CDATA[2023-08-03 22:29:36 - [TEST_CASE][PASSED] - Test Cases/Reuse TC/RTC-02 logout: Test Cases/Reuse TC/RTC-02 logout

2023-08-03 22:29:36 - [TEST_STEP][PASSED] - click(findTestObject("Page_CURA Healthcare Service/idCURA Healthcare_menu-toggle")): Object: 'Object Repository/Page_CURA Healthcare Service/idCURA Healthcare_menu-toggle' is clicked on

2023-08-03 22:29:38 - [MESSAGE][PASSED] - Object: 'Object Repository/Page_CURA Healthcare Service/idCURA Healthcare_menu-toggle' is clicked on

2023-08-03 22:29:38 - [TEST_STEP][PASSED] - click(findTestObject("Page_CURA Healthcare Service/btnLogout")): Object: 'Object Repository/Page_CURA Healthcare Service/btnLogout' is clicked on

2023-08-03 22:29:40 - [MESSAGE][PASSED] - Object: 'Object Repository/Page_CURA Healthcare Service/btnLogout' is clicked on

2023-08-03 22:29:40 - [TEST_STEP][PASSED] - closeBrowser(): Browser is closed

2023-08-03 22:29:41 - [MESSAGE][PASSED] - Browser is closed]]></system-out>
         <system-err><![CDATA[]]></system-err>
      </testcase>
      <system-out><![CDATA[2023-08-03 22:29:14 - [TEST_SUITE][PASSED] - TS-login-logout: Test Cases/Reuse TC/RTC-02 logout]]></system-out>
      <system-err><![CDATA[]]></system-err>
   </testsuite>
</testsuites>
