<?xml version="1.0" encoding="UTF-8"?>
<testsuites name="DTS-01" time="59.652" tests="2" failures="0" errors="0">
   <testsuite name="DTS-01" tests="2" failures="0" errors="0" time="59.652" skipped="0" timestamp="2023-08-03 22:26:00" hostname="acer - anehsialan" id="Test Suites/Dynamic Test/DTS-01">
      <properties>
         <property name="deviceName" value=""/>
         <property name="devicePlatform" value=""/>
         <property name="logFolder" value="C:\\Users\\acer\\git\\webuiproject\\Reports\\20230803_222522\\Dynamic Test\\DTS-01\\20230803_222549"/>
         <property name="logFiles" value="C:\\Users\\acer\\git\\webuiproject\\Reports\\20230803_222522\\Dynamic Test\\DTS-01\\20230803_222549\\execution0.log"/>
         <property name="attachments" value=""/>
         <property name="hostName" value="acer - anehsialan"/>
         <property name="os" value="Windows 11 64bit"/>
         <property name="katalonVersion" value="8.6.5.208"/>
         <property name="browser" value="Chrome 115.0.0.0"/>
         <property name="hostAddress" value="192.168.233.170"/>
         <property name="sessionId" value="e2f98c334fd5d0abc5f21aac0b19ae06"/>
         <property name="seleniumVersion" value="3.141.59"/>
         <property name="proxyInformation" value="ProxyInformation { proxyOption=NO_PROXY, proxyServerType=HTTP, username=, password=********, proxyServerAddress=, proxyServerPort=0, executionList=&quot;&quot;, isApplyToDesiredCapabilities=true }"/>
         <property name="platform" value="Windows 11"/>
      </properties>
      <testcase name="Test Cases/Main TC/MTC- 01 login-book-logout" time="42.946" classname="Test Cases/Main TC/MTC- 01 login-book-logout" status="PASSED">
         <system-out><![CDATA[2023-08-03 22:26:01 - [TEST_CASE][PASSED] - Test Cases/Main TC/MTC- 01 login-book-logout: Test Cases/Main TC/MTC- 01 login-book-logout

2023-08-03 22:26:01 - [TEST_STEP][PASSED] - callTestCase(findTestCase("Reuse TC/RTC-01 login"), [:], STOP_ON_FAILURE): Call Test Case 'Test Cases/Reuse TC/RTC-01 login' successfully

2023-08-03 22:26:01 - [TEST_CASE][PASSED] - Test Cases/Reuse TC/RTC-01 login: Test Cases/Reuse TC/RTC-01 login

2023-08-03 22:26:01 - [TEST_STEP][PASSED] - openBrowser(""): Browser is opened with url: ''

2023-08-03 22:26:01 - [MESSAGE][INFO] - Starting 'Chrome' driver

2023-08-03 22:26:01 - [MESSAGE][INFO] - Action delay is set to 1,000 milliseconds

2023-08-03 22:26:03 - [MESSAGE][PASSED] - Browser is opened with url: ''

2023-08-03 22:26:03 - [TEST_STEP][PASSED] - navigateToUrl(URL): Navigate to 'https://katalon-demo-cura.herokuapp.com/' successfully

2023-08-03 22:26:09 - [MESSAGE][PASSED] - Navigate to 'https://katalon-demo-cura.herokuapp.com/' successfully

2023-08-03 22:26:09 - [TEST_STEP][PASSED] - maximizeWindow(): Current window maximized

2023-08-03 22:26:10 - [MESSAGE][PASSED] - Current window maximized

2023-08-03 22:26:10 - [TEST_STEP][PASSED] - click(findTestObject("Page_CURA Healthcare Service/BtnMakeAppointment")): Object: 'Object Repository/Page_CURA Healthcare Service/BtnMakeAppointment' is clicked on

2023-08-03 22:26:12 - [MESSAGE][PASSED] - Object: 'Object Repository/Page_CURA Healthcare Service/BtnMakeAppointment' is clicked on

2023-08-03 22:26:12 - [TEST_STEP][PASSED] - setText(findTestObject("Page_CURA Healthcare Service/txtUsername"), NAME): Text 'John Doe' is set on object 'Object Repository/Page_CURA Healthcare Service/txtUsername'

2023-08-03 22:26:14 - [MESSAGE][PASSED] - Text 'John Doe' is set on object 'Object Repository/Page_CURA Healthcare Service/txtUsername'

2023-08-03 22:26:14 - [TEST_STEP][PASSED] - setEncryptedText(findTestObject("Page_CURA Healthcare Service/txtPassword"), PASS): Text ****** has been set on object 'Object Repository/Page_CURA Healthcare Service/txtPassword'

2023-08-03 22:26:17 - [MESSAGE][PASSED] - Text ****** has been set on object 'Object Repository/Page_CURA Healthcare Service/txtPassword'

2023-08-03 22:26:17 - [TEST_STEP][PASSED] - click(findTestObject("Page_CURA Healthcare Service/btnLogin")): Object: 'Object Repository/Page_CURA Healthcare Service/btnLogin' is clicked on

2023-08-03 22:26:19 - [MESSAGE][PASSED] - Object: 'Object Repository/Page_CURA Healthcare Service/btnLogin' is clicked on

2023-08-03 22:26:19 - [MESSAGE][PASSED] - Call Test Case 'Test Cases/Reuse TC/RTC-01 login' successfully

2023-08-03 22:26:20 - [TEST_STEP][PASSED] - callTestCase(findTestCase("Reuse TC/RTC- 03 book"), [:], STOP_ON_FAILURE): Call Test Case 'Test Cases/Reuse TC/RTC- 03 book' successfully

2023-08-03 22:26:20 - [TEST_CASE][PASSED] - Test Cases/Reuse TC/RTC- 03 book: Test Cases/Reuse TC/RTC- 03 book

2023-08-03 22:26:20 - [TEST_STEP][PASSED] - selectOptionByIndex(findTestObject("Page_CURA Healthcare Service/cbCURAHealthcareCenter"), 0): All options with index in [0] are selected on object 'Object Repository/Page_CURA Healthcare Service/cbCURAHealthcareCenter'

2023-08-03 22:26:21 - [MESSAGE][PASSED] - All options with index in [0] are selected on object 'Object Repository/Page_CURA Healthcare Service/cbCURAHealthcareCenter'

2023-08-03 22:26:21 - [TEST_STEP][PASSED] - click(findTestObject("Page_CURA Healthcare Service/cbApply for hospital readmission")): Object: 'Object Repository/Page_CURA Healthcare Service/cbApply for hospital readmission' is clicked on

2023-08-03 22:26:22 - [MESSAGE][PASSED] - Object: 'Object Repository/Page_CURA Healthcare Service/cbApply for hospital readmission' is clicked on

2023-08-03 22:26:22 - [TEST_STEP][PASSED] - click(findTestObject("Page_CURA Healthcare Service/cbMedicaid_programs")): Object: 'Object Repository/Page_CURA Healthcare Service/cbMedicaid_programs' is clicked on

2023-08-03 22:26:23 - [MESSAGE][PASSED] - Object: 'Object Repository/Page_CURA Healthcare Service/cbMedicaid_programs' is clicked on

2023-08-03 22:26:23 - [TEST_STEP][PASSED] - setText(findTestObject("Page_CURA Healthcare Service/txtVisit Date"), "07/07/2023"): Text '07/07/2023' is set on object 'Object Repository/Page_CURA Healthcare Service/txtVisit Date'

2023-08-03 22:26:26 - [MESSAGE][PASSED] - Text '07/07/2023' is set on object 'Object Repository/Page_CURA Healthcare Service/txtVisit Date'

2023-08-03 22:26:26 - [TEST_STEP][PASSED] - setText(findTestObject("Page_CURA Healthcare Service/text_Comment"), comment): Text 'a' is set on object 'Object Repository/Page_CURA Healthcare Service/text_Comment'

2023-08-03 22:26:29 - [MESSAGE][PASSED] - Text 'a' is set on object 'Object Repository/Page_CURA Healthcare Service/text_Comment'

2023-08-03 22:26:29 - [TEST_STEP][PASSED] - click(findTestObject("Page_CURA Healthcare Service/btnBook Appointment")): Object: 'Object Repository/Page_CURA Healthcare Service/btnBook Appointment' is clicked on

2023-08-03 22:26:33 - [MESSAGE][PASSED] - Object: 'Object Repository/Page_CURA Healthcare Service/btnBook Appointment' is clicked on

2023-08-03 22:26:33 - [TEST_STEP][PASSED] - click(findTestObject("Page_CURA Healthcare Service/btnGo to Homepage")): Object: 'Object Repository/Page_CURA Healthcare Service/btnGo to Homepage' is clicked on

2023-08-03 22:26:35 - [MESSAGE][PASSED] - Object: 'Object Repository/Page_CURA Healthcare Service/btnGo to Homepage' is clicked on

2023-08-03 22:26:35 - [MESSAGE][PASSED] - Call Test Case 'Test Cases/Reuse TC/RTC- 03 book' successfully

2023-08-03 22:26:35 - [TEST_STEP][PASSED] - callTestCase(findTestCase("Reuse TC/RTC-02 logout"), [:], STOP_ON_FAILURE): Call Test Case 'Test Cases/Reuse TC/RTC-02 logout' successfully

2023-08-03 22:26:35 - [TEST_CASE][PASSED] - Test Cases/Reuse TC/RTC-02 logout: Test Cases/Reuse TC/RTC-02 logout

2023-08-03 22:26:36 - [TEST_STEP][PASSED] - click(findTestObject("Page_CURA Healthcare Service/idCURA Healthcare_menu-toggle")): Object: 'Object Repository/Page_CURA Healthcare Service/idCURA Healthcare_menu-toggle' is clicked on

2023-08-03 22:26:37 - [MESSAGE][PASSED] - Object: 'Object Repository/Page_CURA Healthcare Service/idCURA Healthcare_menu-toggle' is clicked on

2023-08-03 22:26:37 - [TEST_STEP][PASSED] - click(findTestObject("Page_CURA Healthcare Service/btnLogout")): Object: 'Object Repository/Page_CURA Healthcare Service/btnLogout' is clicked on

2023-08-03 22:26:43 - [MESSAGE][PASSED] - Object: 'Object Repository/Page_CURA Healthcare Service/btnLogout' is clicked on

2023-08-03 22:26:43 - [TEST_STEP][PASSED] - closeBrowser(): Browser is closed

2023-08-03 22:26:44 - [MESSAGE][PASSED] - Browser is closed

2023-08-03 22:26:44 - [MESSAGE][PASSED] - Call Test Case 'Test Cases/Reuse TC/RTC-02 logout' successfully]]></system-out>
         <system-err><![CDATA[]]></system-err>
      </testcase>
      <testcase name="Test Cases/Reuse TC/RTC-01 login" time="16.531" classname="Test Cases/Reuse TC/RTC-01 login" status="PASSED">
         <system-out><![CDATA[2023-08-03 22:26:44 - [TEST_CASE][PASSED] - Test Cases/Reuse TC/RTC-01 login: Test Cases/Reuse TC/RTC-01 login

2023-08-03 22:26:44 - [TEST_STEP][PASSED] - openBrowser(""): Browser is opened with url: ''

2023-08-03 22:26:44 - [MESSAGE][INFO] - Starting 'Chrome' driver

2023-08-03 22:26:44 - [MESSAGE][INFO] - Action delay is set to 1,000 milliseconds

2023-08-03 22:26:45 - [MESSAGE][PASSED] - Browser is opened with url: ''

2023-08-03 22:26:45 - [TEST_STEP][PASSED] - navigateToUrl(URL): Navigate to 'https://katalon-demo-cura.herokuapp.com/' successfully

2023-08-03 22:26:50 - [MESSAGE][PASSED] - Navigate to 'https://katalon-demo-cura.herokuapp.com/' successfully

2023-08-03 22:26:50 - [TEST_STEP][PASSED] - maximizeWindow(): Current window maximized

2023-08-03 22:26:50 - [MESSAGE][PASSED] - Current window maximized

2023-08-03 22:26:50 - [TEST_STEP][PASSED] - click(findTestObject("Page_CURA Healthcare Service/BtnMakeAppointment")): Object: 'Object Repository/Page_CURA Healthcare Service/BtnMakeAppointment' is clicked on

2023-08-03 22:26:53 - [MESSAGE][PASSED] - Object: 'Object Repository/Page_CURA Healthcare Service/BtnMakeAppointment' is clicked on

2023-08-03 22:26:53 - [TEST_STEP][PASSED] - setText(findTestObject("Page_CURA Healthcare Service/txtUsername"), NAME): Text 'John Doe' is set on object 'Object Repository/Page_CURA Healthcare Service/txtUsername'

2023-08-03 22:26:55 - [MESSAGE][PASSED] - Text 'John Doe' is set on object 'Object Repository/Page_CURA Healthcare Service/txtUsername'

2023-08-03 22:26:55 - [TEST_STEP][PASSED] - setEncryptedText(findTestObject("Page_CURA Healthcare Service/txtPassword"), PASS): Text ****** has been set on object 'Object Repository/Page_CURA Healthcare Service/txtPassword'

2023-08-03 22:26:58 - [MESSAGE][PASSED] - Text ****** has been set on object 'Object Repository/Page_CURA Healthcare Service/txtPassword'

2023-08-03 22:26:58 - [TEST_STEP][PASSED] - click(findTestObject("Page_CURA Healthcare Service/btnLogin")): Object: 'Object Repository/Page_CURA Healthcare Service/btnLogin' is clicked on

2023-08-03 22:27:00 - [MESSAGE][PASSED] - Object: 'Object Repository/Page_CURA Healthcare Service/btnLogin' is clicked on]]></system-out>
         <system-err><![CDATA[]]></system-err>
      </testcase>
      <system-out><![CDATA[2023-08-03 22:26:00 - [TEST_SUITE][PASSED] - DTS-01: Test Cases/Reuse TC/RTC-01 login]]></system-out>
      <system-err><![CDATA[]]></system-err>
   </testsuite>
</testsuites>
