<?xml version="1.0" encoding="UTF-8"?>
<testsuites name="TS- Local Variable" time="71.518" tests="3" failures="0" errors="0">
   <testsuite name="TS- Local Variable" tests="3" failures="0" errors="0" time="71.518" skipped="0" timestamp="2023-08-01 03:30:44" hostname="acer - anehsialan" id="Test Suites/TS- Local Variable">
      <properties>
         <property name="deviceName" value=""/>
         <property name="devicePlatform" value=""/>
         <property name="logFolder" value="C:\\Users\\acer\\git\\webuiproject\\Reports\\20230801_033035\\TS- Local Variable\\20230801_033036"/>
         <property name="logFiles" value="C:\\Users\\acer\\git\\webuiproject\\Reports\\20230801_033035\\TS- Local Variable\\20230801_033036\\execution0.log"/>
         <property name="attachments" value=""/>
         <property name="hostName" value="acer - anehsialan"/>
         <property name="os" value="Windows 11 64bit"/>
         <property name="katalonVersion" value="8.6.5.208"/>
         <property name="browser" value="Chrome 115.0.0.0"/>
         <property name="hostAddress" value="192.168.43.170"/>
         <property name="sessionId" value="30d875762a207b660daeb8157e114c4f"/>
         <property name="seleniumVersion" value="3.141.59"/>
         <property name="proxyInformation" value="ProxyInformation { proxyOption=NO_PROXY, proxyServerType=HTTP, username=, password=********, proxyServerAddress=, proxyServerPort=0, executionList=&quot;&quot;, isApplyToDesiredCapabilities=true }"/>
         <property name="platform" value="Windows 11"/>
      </properties>
      <testcase name="Test Cases/For Variable/TC- Local Variable" time="25.21" classname="Test Cases/For Variable/TC- Local Variable" status="PASSED">
         <system-out><![CDATA[2023-08-01 03:30:45 - [TEST_CASE][PASSED] - Test Cases/For Variable/TC- Local Variable: Test Cases/For Variable/TC- Local Variable

2023-08-01 03:30:45 - [TEST_STEP][PASSED] - openBrowser(""): Browser is opened with url: ''

2023-08-01 03:30:45 - [MESSAGE][INFO] - Starting 'Chrome' driver

2023-08-01 03:30:45 - [MESSAGE][INFO] - Action delay is set to 1,000 milliseconds

2023-08-01 03:30:47 - [MESSAGE][PASSED] - Browser is opened with url: ''

2023-08-01 03:30:47 - [TEST_STEP][PASSED] - navigateToUrl("https://katalon-demo-cura.herokuapp.com/"): Navigate to 'https://katalon-demo-cura.herokuapp.com/' successfully

2023-08-01 03:30:53 - [MESSAGE][PASSED] - Navigate to 'https://katalon-demo-cura.herokuapp.com/' successfully

2023-08-01 03:30:53 - [TEST_STEP][PASSED] - click(findTestObject("Object Repository/Login-demo/Page_CURA Healthcare Service/h1_CURA Healthcare Service")): Object: 'Object Repository/Login-demo/Page_CURA Healthcare Service/h1_CURA Healthcare Service' is clicked on

2023-08-01 03:30:54 - [MESSAGE][PASSED] - Object: 'Object Repository/Login-demo/Page_CURA Healthcare Service/h1_CURA Healthcare Service' is clicked on

2023-08-01 03:30:54 - [TEST_STEP][PASSED] - click(findTestObject("Object Repository/Login-demo/Page_CURA Healthcare Service/a_Make Appointment")): Object: 'Object Repository/Login-demo/Page_CURA Healthcare Service/a_Make Appointment' is clicked on

2023-08-01 03:30:56 - [MESSAGE][PASSED] - Object: 'Object Repository/Login-demo/Page_CURA Healthcare Service/a_Make Appointment' is clicked on

2023-08-01 03:30:56 - [TEST_STEP][PASSED] - setText(findTestObject("Object Repository/Login-demo/Page_CURA Healthcare Service/input_Username_username"), username): Text 'John Doe' is set on object 'Object Repository/Login-demo/Page_CURA Healthcare Service/input_Username_username'

2023-08-01 03:30:59 - [MESSAGE][PASSED] - Text 'John Doe' is set on object 'Object Repository/Login-demo/Page_CURA Healthcare Service/input_Username_username'

2023-08-01 03:30:59 - [TEST_STEP][PASSED] - setText(findTestObject("Object Repository/Login-demo/Page_CURA Healthcare Service/input_Password_password"), password): Text 'ThisIsNotAPassword' is set on object 'Object Repository/Login-demo/Page_CURA Healthcare Service/input_Password_password'

2023-08-01 03:31:02 - [MESSAGE][PASSED] - Text 'ThisIsNotAPassword' is set on object 'Object Repository/Login-demo/Page_CURA Healthcare Service/input_Password_password'

2023-08-01 03:31:02 - [TEST_STEP][PASSED] - click(findTestObject("Object Repository/Login-demo/Page_CURA Healthcare Service/button_Login")): Object: 'Object Repository/Login-demo/Page_CURA Healthcare Service/button_Login' is clicked on

2023-08-01 03:31:04 - [MESSAGE][PASSED] - Object: 'Object Repository/Login-demo/Page_CURA Healthcare Service/button_Login' is clicked on

2023-08-01 03:31:04 - [TEST_STEP][PASSED] - delay(5): Delayed 5 second(s)

2023-08-01 03:31:09 - [MESSAGE][PASSED] - Delayed 5 second(s)

2023-08-01 03:31:09 - [TEST_STEP][PASSED] - closeBrowser(): Browser is closed

2023-08-01 03:31:10 - [MESSAGE][PASSED] - Browser is closed]]></system-out>
         <system-err><![CDATA[]]></system-err>
      </testcase>
      <testcase name="Test Cases/For Variable/TC- Local Variable" time="23.727" classname="Test Cases/For Variable/TC- Local Variable" status="PASSED">
         <system-out><![CDATA[2023-08-01 03:31:10 - [TEST_CASE][PASSED] - Test Cases/For Variable/TC- Local Variable: Test Cases/For Variable/TC- Local Variable

2023-08-01 03:31:10 - [TEST_STEP][PASSED] - openBrowser(""): Browser is opened with url: ''

2023-08-01 03:31:10 - [MESSAGE][INFO] - Starting 'Chrome' driver

2023-08-01 03:31:10 - [MESSAGE][INFO] - Action delay is set to 1,000 milliseconds

2023-08-01 03:31:11 - [MESSAGE][PASSED] - Browser is opened with url: ''

2023-08-01 03:31:11 - [TEST_STEP][PASSED] - navigateToUrl("https://katalon-demo-cura.herokuapp.com/"): Navigate to 'https://katalon-demo-cura.herokuapp.com/' successfully

2023-08-01 03:31:17 - [MESSAGE][PASSED] - Navigate to 'https://katalon-demo-cura.herokuapp.com/' successfully

2023-08-01 03:31:17 - [TEST_STEP][PASSED] - click(findTestObject("Object Repository/Login-demo/Page_CURA Healthcare Service/h1_CURA Healthcare Service")): Object: 'Object Repository/Login-demo/Page_CURA Healthcare Service/h1_CURA Healthcare Service' is clicked on

2023-08-01 03:31:18 - [MESSAGE][PASSED] - Object: 'Object Repository/Login-demo/Page_CURA Healthcare Service/h1_CURA Healthcare Service' is clicked on

2023-08-01 03:31:18 - [TEST_STEP][PASSED] - click(findTestObject("Object Repository/Login-demo/Page_CURA Healthcare Service/a_Make Appointment")): Object: 'Object Repository/Login-demo/Page_CURA Healthcare Service/a_Make Appointment' is clicked on

2023-08-01 03:31:20 - [MESSAGE][PASSED] - Object: 'Object Repository/Login-demo/Page_CURA Healthcare Service/a_Make Appointment' is clicked on

2023-08-01 03:31:20 - [TEST_STEP][PASSED] - setText(findTestObject("Object Repository/Login-demo/Page_CURA Healthcare Service/input_Username_username"), username): Text 'ilyas' is set on object 'Object Repository/Login-demo/Page_CURA Healthcare Service/input_Username_username'

2023-08-01 03:31:23 - [MESSAGE][PASSED] - Text 'ilyas' is set on object 'Object Repository/Login-demo/Page_CURA Healthcare Service/input_Username_username'

2023-08-01 03:31:23 - [TEST_STEP][PASSED] - setText(findTestObject("Object Repository/Login-demo/Page_CURA Healthcare Service/input_Password_password"), password): Text 'duatiga' is set on object 'Object Repository/Login-demo/Page_CURA Healthcare Service/input_Password_password'

2023-08-01 03:31:26 - [MESSAGE][PASSED] - Text 'duatiga' is set on object 'Object Repository/Login-demo/Page_CURA Healthcare Service/input_Password_password'

2023-08-01 03:31:26 - [TEST_STEP][PASSED] - click(findTestObject("Object Repository/Login-demo/Page_CURA Healthcare Service/button_Login")): Object: 'Object Repository/Login-demo/Page_CURA Healthcare Service/button_Login' is clicked on

2023-08-01 03:31:28 - [MESSAGE][PASSED] - Object: 'Object Repository/Login-demo/Page_CURA Healthcare Service/button_Login' is clicked on

2023-08-01 03:31:28 - [TEST_STEP][PASSED] - delay(5): Delayed 5 second(s)

2023-08-01 03:31:33 - [MESSAGE][PASSED] - Delayed 5 second(s)

2023-08-01 03:31:33 - [TEST_STEP][PASSED] - closeBrowser(): Browser is closed

2023-08-01 03:31:34 - [MESSAGE][PASSED] - Browser is closed]]></system-out>
         <system-err><![CDATA[]]></system-err>
      </testcase>
      <testcase name="Test Cases/For Variable/TC- Local Variable" time="22.164" classname="Test Cases/For Variable/TC- Local Variable" status="PASSED">
         <system-out><![CDATA[2023-08-01 03:31:34 - [TEST_CASE][PASSED] - Test Cases/For Variable/TC- Local Variable: Test Cases/For Variable/TC- Local Variable

2023-08-01 03:31:34 - [TEST_STEP][PASSED] - openBrowser(""): Browser is opened with url: ''

2023-08-01 03:31:34 - [MESSAGE][INFO] - Starting 'Chrome' driver

2023-08-01 03:31:34 - [MESSAGE][INFO] - Action delay is set to 1,000 milliseconds

2023-08-01 03:31:35 - [MESSAGE][PASSED] - Browser is opened with url: ''

2023-08-01 03:31:35 - [TEST_STEP][PASSED] - navigateToUrl("https://katalon-demo-cura.herokuapp.com/"): Navigate to 'https://katalon-demo-cura.herokuapp.com/' successfully

2023-08-01 03:31:39 - [MESSAGE][PASSED] - Navigate to 'https://katalon-demo-cura.herokuapp.com/' successfully

2023-08-01 03:31:39 - [TEST_STEP][PASSED] - click(findTestObject("Object Repository/Login-demo/Page_CURA Healthcare Service/h1_CURA Healthcare Service")): Object: 'Object Repository/Login-demo/Page_CURA Healthcare Service/h1_CURA Healthcare Service' is clicked on

2023-08-01 03:31:41 - [MESSAGE][PASSED] - Object: 'Object Repository/Login-demo/Page_CURA Healthcare Service/h1_CURA Healthcare Service' is clicked on

2023-08-01 03:31:41 - [TEST_STEP][PASSED] - click(findTestObject("Object Repository/Login-demo/Page_CURA Healthcare Service/a_Make Appointment")): Object: 'Object Repository/Login-demo/Page_CURA Healthcare Service/a_Make Appointment' is clicked on

2023-08-01 03:31:43 - [MESSAGE][PASSED] - Object: 'Object Repository/Login-demo/Page_CURA Healthcare Service/a_Make Appointment' is clicked on

2023-08-01 03:31:43 - [TEST_STEP][PASSED] - setText(findTestObject("Object Repository/Login-demo/Page_CURA Healthcare Service/input_Username_username"), username): Text 'admin' is set on object 'Object Repository/Login-demo/Page_CURA Healthcare Service/input_Username_username'

2023-08-01 03:31:45 - [MESSAGE][PASSED] - Text 'admin' is set on object 'Object Repository/Login-demo/Page_CURA Healthcare Service/input_Username_username'

2023-08-01 03:31:45 - [TEST_STEP][PASSED] - setText(findTestObject("Object Repository/Login-demo/Page_CURA Healthcare Service/input_Password_password"), password): Text 'user' is set on object 'Object Repository/Login-demo/Page_CURA Healthcare Service/input_Password_password'

2023-08-01 03:31:48 - [MESSAGE][PASSED] - Text 'user' is set on object 'Object Repository/Login-demo/Page_CURA Healthcare Service/input_Password_password'

2023-08-01 03:31:48 - [TEST_STEP][PASSED] - click(findTestObject("Object Repository/Login-demo/Page_CURA Healthcare Service/button_Login")): Object: 'Object Repository/Login-demo/Page_CURA Healthcare Service/button_Login' is clicked on

2023-08-01 03:31:50 - [MESSAGE][PASSED] - Object: 'Object Repository/Login-demo/Page_CURA Healthcare Service/button_Login' is clicked on

2023-08-01 03:31:50 - [TEST_STEP][PASSED] - delay(5): Delayed 5 second(s)

2023-08-01 03:31:55 - [MESSAGE][PASSED] - Delayed 5 second(s)

2023-08-01 03:31:55 - [TEST_STEP][PASSED] - closeBrowser(): Browser is closed

2023-08-01 03:31:56 - [MESSAGE][PASSED] - Browser is closed]]></system-out>
         <system-err><![CDATA[]]></system-err>
      </testcase>
      <system-out><![CDATA[2023-08-01 03:30:44 - [TEST_SUITE][PASSED] - TS- Local Variable: Test Cases/For Variable/TC- Local Variable]]></system-out>
      <system-err><![CDATA[]]></system-err>
   </testsuite>
</testsuites>
