<?xml version="1.0" encoding="UTF-8"?>
<testsuites name="Hotels" time="72.402" tests="3" failures="0" errors="0">
   <testsuite name="Hotels" tests="3" failures="0" errors="0" time="72.402" skipped="0" timestamp="2023-08-01 09:21:53" hostname="acer - anehsialan" id="Test Suites/Internal Data/Hotels">
      <properties>
         <property name="deviceName" value=""/>
         <property name="devicePlatform" value=""/>
         <property name="logFolder" value="C:\\Users\\acer\\git\\webuiproject\\Reports\\20230801_092144\\Internal Data\\Hotels\\20230801_092144"/>
         <property name="logFiles" value="C:\\Users\\acer\\git\\webuiproject\\Reports\\20230801_092144\\Internal Data\\Hotels\\20230801_092144\\execution0.log"/>
         <property name="attachments" value=""/>
         <property name="hostName" value="acer - anehsialan"/>
         <property name="os" value="Windows 11 64bit"/>
         <property name="katalonVersion" value="8.6.5.208"/>
         <property name="browser" value="Chrome 115.0.0.0"/>
         <property name="hostAddress" value="192.168.163.170"/>
         <property name="sessionId" value="896fa8e050c1f512d9a92651b478b644"/>
         <property name="seleniumVersion" value="3.141.59"/>
         <property name="proxyInformation" value="ProxyInformation { proxyOption=NO_PROXY, proxyServerType=HTTP, username=, password=********, proxyServerAddress=, proxyServerPort=0, executionList=&quot;&quot;, isApplyToDesiredCapabilities=true }"/>
         <property name="platform" value="Windows 11"/>
      </properties>
      <testcase name="Test Cases/Data Driven Testing/Find a place" time="26.684" classname="Test Cases/Data Driven Testing/Find a place" status="PASSED">
         <system-out><![CDATA[2023-08-01 09:21:54 - [TEST_CASE][PASSED] - Test Cases/Data Driven Testing/Find a place: Test Cases/Data Driven Testing/Find a place

2023-08-01 09:21:54 - [TEST_STEP][PASSED] - openBrowser(""): Browser is opened with url: ''

2023-08-01 09:21:55 - [MESSAGE][INFO] - Starting 'Chrome' driver

2023-08-01 09:21:55 - [MESSAGE][INFO] - Action delay is set to 1,000 milliseconds

2023-08-01 09:21:57 - [MESSAGE][PASSED] - Browser is opened with url: ''

2023-08-01 09:21:57 - [TEST_STEP][PASSED] - navigateToUrl("https://www.airbnb.com/"): Navigate to 'https://www.airbnb.com/' successfully

2023-08-01 09:22:00 - [MESSAGE][PASSED] - Navigate to 'https://www.airbnb.com/' successfully

2023-08-01 09:22:00 - [TEST_STEP][PASSED] - click(findTestObject("Object Repository/airbnb/Page_Vacation Homes  Condo Rentals - Airbnb_f5c50c/div_Anywhere")): Object: 'Object Repository/airbnb/Page_Vacation Homes  Condo Rentals - Airbnb_f5c50c/div_Anywhere' is clicked on

2023-08-01 09:22:05 - [MESSAGE][PASSED] - Object: 'Object Repository/airbnb/Page_Vacation Homes  Condo Rentals - Airbnb_f5c50c/div_Anywhere' is clicked on

2023-08-01 09:22:05 - [TEST_STEP][PASSED] - setText(findTestObject("Object Repository/airbnb/Page_Vacation Homes  Condo Rentals - Airbnb_f5c50c/input_Where_query"), city): Text 'Tokyo' is set on object 'Object Repository/airbnb/Page_Vacation Homes  Condo Rentals - Airbnb_f5c50c/input_Where_query'

2023-08-01 09:22:09 - [MESSAGE][PASSED] - Text 'Tokyo' is set on object 'Object Repository/airbnb/Page_Vacation Homes  Condo Rentals - Airbnb_f5c50c/input_Where_query'

2023-08-01 09:22:09 - [TEST_STEP][PASSED] - click(findTestObject("Object Repository/airbnb/Page_Vacation Homes  Condo Rentals - Airbnb_f5c50c/div_Check in")): Object: 'Object Repository/airbnb/Page_Vacation Homes  Condo Rentals - Airbnb_f5c50c/div_Check in' is clicked on

2023-08-01 09:22:13 - [MESSAGE][PASSED] - Object: 'Object Repository/airbnb/Page_Vacation Homes  Condo Rentals - Airbnb_f5c50c/div_Check in' is clicked on

2023-08-01 09:22:13 - [TEST_STEP][PASSED] - click(findTestObject("Object Repository/airbnb/Page_Vacation Homes  Condo Rentals - Airbnb_f5c50c/div_3 days")): Object: 'Object Repository/airbnb/Page_Vacation Homes  Condo Rentals - Airbnb_f5c50c/div_3 days' is clicked on

2023-08-01 09:22:15 - [MESSAGE][PASSED] - Object: 'Object Repository/airbnb/Page_Vacation Homes  Condo Rentals - Airbnb_f5c50c/div_3 days' is clicked on

2023-08-01 09:22:15 - [TEST_STEP][PASSED] - click(findTestObject("Object Repository/airbnb/Page_Vacation Homes  Condo Rentals - Airbnb_f5c50c/label_3 days")): Object: 'Object Repository/airbnb/Page_Vacation Homes  Condo Rentals - Airbnb_f5c50c/label_3 days' is clicked on

2023-08-01 09:22:18 - [MESSAGE][PASSED] - Object: 'Object Repository/airbnb/Page_Vacation Homes  Condo Rentals - Airbnb_f5c50c/label_3 days' is clicked on

2023-08-01 09:22:18 - [TEST_STEP][PASSED] - click(findTestObject("Object Repository/airbnb/Page_Vacation Homes  Condo Rentals - Airbnb_f5c50c/span_Add guests_t1dqvypu dir dir-ltr")): Object: 'Object Repository/airbnb/Page_Vacation Homes  Condo Rentals - Airbnb_f5c50c/span_Add guests_t1dqvypu dir dir-ltr' is clicked on

2023-08-01 09:22:20 - [MESSAGE][PASSED] - Object: 'Object Repository/airbnb/Page_Vacation Homes  Condo Rentals - Airbnb_f5c50c/span_Add guests_t1dqvypu dir dir-ltr' is clicked on

2023-08-01 09:22:20 - [TEST_STEP][PASSED] - closeBrowser(): Browser is closed

2023-08-01 09:22:20 - [MESSAGE][PASSED] - Browser is closed]]></system-out>
         <system-err><![CDATA[]]></system-err>
      </testcase>
      <testcase name="Test Cases/Data Driven Testing/Find a place" time="22.794" classname="Test Cases/Data Driven Testing/Find a place" status="PASSED">
         <system-out><![CDATA[2023-08-01 09:22:20 - [TEST_CASE][PASSED] - Test Cases/Data Driven Testing/Find a place: Test Cases/Data Driven Testing/Find a place

2023-08-01 09:22:21 - [TEST_STEP][PASSED] - openBrowser(""): Browser is opened with url: ''

2023-08-01 09:22:21 - [MESSAGE][INFO] - Starting 'Chrome' driver

2023-08-01 09:22:21 - [MESSAGE][INFO] - Action delay is set to 1,000 milliseconds

2023-08-01 09:22:22 - [MESSAGE][PASSED] - Browser is opened with url: ''

2023-08-01 09:22:22 - [TEST_STEP][PASSED] - navigateToUrl("https://www.airbnb.com/"): Navigate to 'https://www.airbnb.com/' successfully

2023-08-01 09:22:25 - [MESSAGE][PASSED] - Navigate to 'https://www.airbnb.com/' successfully

2023-08-01 09:22:25 - [TEST_STEP][PASSED] - click(findTestObject("Object Repository/airbnb/Page_Vacation Homes  Condo Rentals - Airbnb_f5c50c/div_Anywhere")): Object: 'Object Repository/airbnb/Page_Vacation Homes  Condo Rentals - Airbnb_f5c50c/div_Anywhere' is clicked on

2023-08-01 09:22:31 - [MESSAGE][PASSED] - Object: 'Object Repository/airbnb/Page_Vacation Homes  Condo Rentals - Airbnb_f5c50c/div_Anywhere' is clicked on

2023-08-01 09:22:31 - [TEST_STEP][PASSED] - setText(findTestObject("Object Repository/airbnb/Page_Vacation Homes  Condo Rentals - Airbnb_f5c50c/input_Where_query"), city): Text 'Atlanta' is set on object 'Object Repository/airbnb/Page_Vacation Homes  Condo Rentals - Airbnb_f5c50c/input_Where_query'

2023-08-01 09:22:34 - [MESSAGE][PASSED] - Text 'Atlanta' is set on object 'Object Repository/airbnb/Page_Vacation Homes  Condo Rentals - Airbnb_f5c50c/input_Where_query'

2023-08-01 09:22:34 - [TEST_STEP][PASSED] - click(findTestObject("Object Repository/airbnb/Page_Vacation Homes  Condo Rentals - Airbnb_f5c50c/div_Check in")): Object: 'Object Repository/airbnb/Page_Vacation Homes  Condo Rentals - Airbnb_f5c50c/div_Check in' is clicked on

2023-08-01 09:22:36 - [MESSAGE][PASSED] - Object: 'Object Repository/airbnb/Page_Vacation Homes  Condo Rentals - Airbnb_f5c50c/div_Check in' is clicked on

2023-08-01 09:22:36 - [TEST_STEP][PASSED] - click(findTestObject("Object Repository/airbnb/Page_Vacation Homes  Condo Rentals - Airbnb_f5c50c/div_3 days")): Object: 'Object Repository/airbnb/Page_Vacation Homes  Condo Rentals - Airbnb_f5c50c/div_3 days' is clicked on

2023-08-01 09:22:38 - [MESSAGE][PASSED] - Object: 'Object Repository/airbnb/Page_Vacation Homes  Condo Rentals - Airbnb_f5c50c/div_3 days' is clicked on

2023-08-01 09:22:38 - [TEST_STEP][PASSED] - click(findTestObject("Object Repository/airbnb/Page_Vacation Homes  Condo Rentals - Airbnb_f5c50c/label_3 days")): Object: 'Object Repository/airbnb/Page_Vacation Homes  Condo Rentals - Airbnb_f5c50c/label_3 days' is clicked on

2023-08-01 09:22:40 - [MESSAGE][PASSED] - Object: 'Object Repository/airbnb/Page_Vacation Homes  Condo Rentals - Airbnb_f5c50c/label_3 days' is clicked on

2023-08-01 09:22:40 - [TEST_STEP][PASSED] - click(findTestObject("Object Repository/airbnb/Page_Vacation Homes  Condo Rentals - Airbnb_f5c50c/span_Add guests_t1dqvypu dir dir-ltr")): Object: 'Object Repository/airbnb/Page_Vacation Homes  Condo Rentals - Airbnb_f5c50c/span_Add guests_t1dqvypu dir dir-ltr' is clicked on

2023-08-01 09:22:43 - [MESSAGE][PASSED] - Object: 'Object Repository/airbnb/Page_Vacation Homes  Condo Rentals - Airbnb_f5c50c/span_Add guests_t1dqvypu dir dir-ltr' is clicked on

2023-08-01 09:22:43 - [TEST_STEP][PASSED] - closeBrowser(): Browser is closed

2023-08-01 09:22:43 - [MESSAGE][PASSED] - Browser is closed]]></system-out>
         <system-err><![CDATA[]]></system-err>
      </testcase>
      <testcase name="Test Cases/Data Driven Testing/Find a place" time="22.352" classname="Test Cases/Data Driven Testing/Find a place" status="PASSED">
         <system-out><![CDATA[2023-08-01 09:22:43 - [TEST_CASE][PASSED] - Test Cases/Data Driven Testing/Find a place: Test Cases/Data Driven Testing/Find a place

2023-08-01 09:22:43 - [TEST_STEP][PASSED] - openBrowser(""): Browser is opened with url: ''

2023-08-01 09:22:43 - [MESSAGE][INFO] - Starting 'Chrome' driver

2023-08-01 09:22:43 - [MESSAGE][INFO] - Action delay is set to 1,000 milliseconds

2023-08-01 09:22:45 - [MESSAGE][PASSED] - Browser is opened with url: ''

2023-08-01 09:22:45 - [TEST_STEP][PASSED] - navigateToUrl("https://www.airbnb.com/"): Navigate to 'https://www.airbnb.com/' successfully

2023-08-01 09:22:48 - [MESSAGE][PASSED] - Navigate to 'https://www.airbnb.com/' successfully

2023-08-01 09:22:48 - [TEST_STEP][PASSED] - click(findTestObject("Object Repository/airbnb/Page_Vacation Homes  Condo Rentals - Airbnb_f5c50c/div_Anywhere")): Object: 'Object Repository/airbnb/Page_Vacation Homes  Condo Rentals - Airbnb_f5c50c/div_Anywhere' is clicked on

2023-08-01 09:22:53 - [MESSAGE][PASSED] - Object: 'Object Repository/airbnb/Page_Vacation Homes  Condo Rentals - Airbnb_f5c50c/div_Anywhere' is clicked on

2023-08-01 09:22:53 - [TEST_STEP][PASSED] - setText(findTestObject("Object Repository/airbnb/Page_Vacation Homes  Condo Rentals - Airbnb_f5c50c/input_Where_query"), city): Text 'Jakarta' is set on object 'Object Repository/airbnb/Page_Vacation Homes  Condo Rentals - Airbnb_f5c50c/input_Where_query'

2023-08-01 09:22:56 - [MESSAGE][PASSED] - Text 'Jakarta' is set on object 'Object Repository/airbnb/Page_Vacation Homes  Condo Rentals - Airbnb_f5c50c/input_Where_query'

2023-08-01 09:22:56 - [TEST_STEP][PASSED] - click(findTestObject("Object Repository/airbnb/Page_Vacation Homes  Condo Rentals - Airbnb_f5c50c/div_Check in")): Object: 'Object Repository/airbnb/Page_Vacation Homes  Condo Rentals - Airbnb_f5c50c/div_Check in' is clicked on

2023-08-01 09:22:59 - [MESSAGE][PASSED] - Object: 'Object Repository/airbnb/Page_Vacation Homes  Condo Rentals - Airbnb_f5c50c/div_Check in' is clicked on

2023-08-01 09:22:59 - [TEST_STEP][PASSED] - click(findTestObject("Object Repository/airbnb/Page_Vacation Homes  Condo Rentals - Airbnb_f5c50c/div_3 days")): Object: 'Object Repository/airbnb/Page_Vacation Homes  Condo Rentals - Airbnb_f5c50c/div_3 days' is clicked on

2023-08-01 09:23:01 - [MESSAGE][PASSED] - Object: 'Object Repository/airbnb/Page_Vacation Homes  Condo Rentals - Airbnb_f5c50c/div_3 days' is clicked on

2023-08-01 09:23:01 - [TEST_STEP][PASSED] - click(findTestObject("Object Repository/airbnb/Page_Vacation Homes  Condo Rentals - Airbnb_f5c50c/label_3 days")): Object: 'Object Repository/airbnb/Page_Vacation Homes  Condo Rentals - Airbnb_f5c50c/label_3 days' is clicked on

2023-08-01 09:23:03 - [MESSAGE][PASSED] - Object: 'Object Repository/airbnb/Page_Vacation Homes  Condo Rentals - Airbnb_f5c50c/label_3 days' is clicked on

2023-08-01 09:23:03 - [TEST_STEP][PASSED] - click(findTestObject("Object Repository/airbnb/Page_Vacation Homes  Condo Rentals - Airbnb_f5c50c/span_Add guests_t1dqvypu dir dir-ltr")): Object: 'Object Repository/airbnb/Page_Vacation Homes  Condo Rentals - Airbnb_f5c50c/span_Add guests_t1dqvypu dir dir-ltr' is clicked on

2023-08-01 09:23:05 - [MESSAGE][PASSED] - Object: 'Object Repository/airbnb/Page_Vacation Homes  Condo Rentals - Airbnb_f5c50c/span_Add guests_t1dqvypu dir dir-ltr' is clicked on

2023-08-01 09:23:05 - [TEST_STEP][PASSED] - closeBrowser(): Browser is closed

2023-08-01 09:23:06 - [MESSAGE][PASSED] - Browser is closed]]></system-out>
         <system-err><![CDATA[]]></system-err>
      </testcase>
      <system-out><![CDATA[2023-08-01 09:21:53 - [TEST_SUITE][PASSED] - Hotels: Test Cases/Data Driven Testing/Find a place]]></system-out>
      <system-err><![CDATA[]]></system-err>
   </testsuite>
</testsuites>
