<?xml version="1.0" encoding="UTF-8"?>
<testsuites name="TS-demo" time="377.513" tests="2" failures="0" errors="0">
   <testsuite name="TS-demo" tests="2" failures="0" errors="0" time="377.513" skipped="0" timestamp="2023-08-01 15:14:21" hostname="acer - anehsialan" id="Test Suites/TS-login/TS-demo">
      <properties>
         <property name="deviceName"/>
         <property name="devicePlatform" value="WINDOWS"/>
         <property name="logFolder" value="C:\\Users\\acer\\git\\webuiproject\\Reports\\20230801_151411\\TS-login\\TS-demo\\20230801_151411"/>
         <property name="logFiles" value="C:\\Users\\acer\\git\\webuiproject\\Reports\\20230801_151411\\TS-login\\TS-demo\\20230801_151411\\execution0.log"/>
         <property name="attachments" value=""/>
         <property name="hostName" value="acer - anehsialan"/>
         <property name="remoteDriverUrl" value="testcloud.katalon.com/hub"/>
         <property name="desiredCapabilities" value="{
  &quot;se:cdpVersion&quot;: &quot;114.0.5735.91&quot;,
  &quot;timeouts&quot;: {
    &quot;implicit&quot;: 0,
    &quot;pageLoad&quot;: 300000,
    &quot;script&quot;: 30000
  },
  &quot;platform&quot;: &quot;WINDOWS&quot;,
  &quot;goog:chromeOptions&quot;: {
    &quot;debuggerAddress&quot;: &quot;localhost:49901&quot;
  },
  &quot;requestId&quot;: &quot;30b43574-aace-45d2-8aa4-f77403c1ad74&quot;,
  &quot;webauthn:extension:credBlob&quot;: true,
  &quot;acceptInsecureCerts&quot;: false,
  &quot;browserVersion&quot;: &quot;114.0.0.0&quot;,
  &quot;browserName&quot;: &quot;chrome&quot;,
  &quot;javascriptEnabled&quot;: true,
  &quot;katalon:option&quot;: {
    &quot;unlimitedExecutionMinutes&quot;: true,
    &quot;userId&quot;: 1278024,
    &quot;organizationId&quot;: &quot;1221524&quot;,
    &quot;class&quot;: &quot;com.katalon.testcloud.grid.common.tunnel.domain.UserOptionCapability&quot;,
    &quot;runFromTestCloud&quot;: true,
    &quot;usingTunnel&quot;: false
  },
  &quot;platformName&quot;: &quot;WINDOWS&quot;,
  &quot;setWindowRect&quot;: true,
  &quot;webauthn:extension:largeBlob&quot;: true,
  &quot;networkConnectionEnabled&quot;: false,
  &quot;chrome&quot;: {
    &quot;chromedriverVersion&quot;: &quot;114.0.5735.90 (386bc09e8f4f2e025eddae123f36f6263096ae49-refs/branch-heads/5735@{#1052})&quot;,
    &quot;userDataDir&quot;: &quot;C:\\Windows\\SystemTemp\\scoped_dir3064_2071615496&quot;
  },
  &quot;pageLoadStrategy&quot;: &quot;normal&quot;,
  &quot;unhandledPromptBehavior&quot;: &quot;dismiss and notify&quot;,
  &quot;strictFileInteractability&quot;: false,
  &quot;se:cdp&quot;: &quot;ws://10.0.2.15:4444/session/2ce7815c18ffb6349f2d1cb953899852/se/cdp&quot;,
  &quot;proxy&quot;: {
    &quot;proxyType&quot;: &quot;DIRECT&quot;,
    &quot;autodetect&quot;: false
  },
  &quot;webauthn:extension:minPinLength&quot;: true,
  &quot;webauthn:extension:prf&quot;: true,
  &quot;webauthn:virtualAuthenticators&quot;: true
}"/>
         <property name="os" value="Windows 11 64bit"/>
         <property name="remoteOS" value="Windows"/>
         <property name="katalonVersion" value="8.6.5.208"/>
         <property name="browser" value="Chrome 114.0.0.0"/>
         <property name="hostAddress" value="192.168.221.170"/>
         <property name="sessionId" value="2ce7815c18ffb6349f2d1cb953899852"/>
         <property name="seleniumVersion" value="3.141.59"/>
         <property name="proxyInformation" value="ProxyInformation { proxyOption=NO_PROXY, proxyServerType=HTTP, username=, password=********, proxyServerAddress=, proxyServerPort=0, executionList=&quot;&quot;, isApplyToDesiredCapabilities=true }"/>
         <property name="platform" value="Windows 11"/>
      </properties>
      <testcase name="Test Cases/yg lain/Booking" time="167.011" classname="Test Cases/yg lain/Booking" status="PASSED">
         <system-out><![CDATA[2023-08-01 15:14:21 - [TEST_CASE][PASSED] - Test Cases/yg lain/Booking: Test Cases/yg lain/Booking

2023-08-01 15:14:21 - [TEST_STEP][PASSED] - callTestCase(findTestCase("yg lain/Login"), [:], STOP_ON_FAILURE): Call Test Case 'Test Cases/yg lain/Login' successfully

2023-08-01 15:14:22 - [TEST_CASE][PASSED] - Test Cases/yg lain/Login: Test Cases/yg lain/Login

2023-08-01 15:14:22 - [TEST_STEP][PASSED] - openBrowser(""): Browser is opened with url: ''

2023-08-01 15:14:22 - [MESSAGE][INFO] - User set preference: ['os', 'windows']

2023-08-01 15:14:22 - [MESSAGE][INFO] - User set preference: ['browserName', 'chrome']

2023-08-01 15:14:22 - [MESSAGE][INFO] - User set preference: ['browserVersion', '114']

2023-08-01 15:14:22 - [MESSAGE][INFO] - User set preference: ['katalon:option', '{organizationId=1221524, tunnelId=, usingTunnel=false}']

2023-08-01 15:14:22 - [MESSAGE][INFO] - Connecting to remote web server 'testcloud.katalon.com/hub' with type 'Selenium'

2023-08-01 15:14:23 - [MESSAGE][INFO] - Action delay is set to 1,000 milliseconds

2023-08-01 15:15:23 - [MESSAGE][PASSED] - Browser is opened with url: ''

2023-08-01 15:15:23 - [TEST_STEP][PASSED] - navigateToUrl("https://katalon-demo-cura.herokuapp.com/"): Navigate to 'https://katalon-demo-cura.herokuapp.com/' successfully

2023-08-01 15:15:26 - [MESSAGE][PASSED] - Navigate to 'https://katalon-demo-cura.herokuapp.com/' successfully

2023-08-01 15:15:26 - [TEST_STEP][PASSED] - click(findTestObject("Object Repository/Login-demo/Page_CURA Healthcare Service/h1_CURA Healthcare Service")): Object: 'Object Repository/Login-demo/Page_CURA Healthcare Service/h1_CURA Healthcare Service' is clicked on

2023-08-01 15:15:32 - [MESSAGE][PASSED] - Object: 'Object Repository/Login-demo/Page_CURA Healthcare Service/h1_CURA Healthcare Service' is clicked on

2023-08-01 15:15:32 - [TEST_STEP][PASSED] - click(findTestObject("Object Repository/Login-demo/Page_CURA Healthcare Service/a_Make Appointment")): Object: 'Object Repository/Login-demo/Page_CURA Healthcare Service/a_Make Appointment' is clicked on

2023-08-01 15:15:37 - [MESSAGE][PASSED] - Object: 'Object Repository/Login-demo/Page_CURA Healthcare Service/a_Make Appointment' is clicked on

2023-08-01 15:15:37 - [TEST_STEP][PASSED] - setText(findTestObject("Object Repository/Login-demo/Page_CURA Healthcare Service/input_Username_username"), "John Doe"): Text 'John Doe' is set on object 'Object Repository/Login-demo/Page_CURA Healthcare Service/input_Username_username'

2023-08-01 15:15:48 - [MESSAGE][PASSED] - Text 'John Doe' is set on object 'Object Repository/Login-demo/Page_CURA Healthcare Service/input_Username_username'

2023-08-01 15:15:48 - [TEST_STEP][PASSED] - setEncryptedText(findTestObject("Object Repository/Login-demo/Page_CURA Healthcare Service/input_Password_password"), "g3/DOGG74jC3Flrr3yH+3D/yKbOqqUNM"): Text ****** has been set on object 'Object Repository/Login-demo/Page_CURA Healthcare Service/input_Password_password'

2023-08-01 15:15:56 - [MESSAGE][PASSED] - Text ****** has been set on object 'Object Repository/Login-demo/Page_CURA Healthcare Service/input_Password_password'

2023-08-01 15:15:56 - [TEST_STEP][PASSED] - click(findTestObject("Object Repository/Login-demo/Page_CURA Healthcare Service/button_Login")): Object: 'Object Repository/Login-demo/Page_CURA Healthcare Service/button_Login' is clicked on

2023-08-01 15:16:01 - [MESSAGE][PASSED] - Object: 'Object Repository/Login-demo/Page_CURA Healthcare Service/button_Login' is clicked on

2023-08-01 15:16:01 - [TEST_STEP][PASSED] - getText(findTestObject("Page_CURA Healthcare Service/h2_Make Appointment")): Text of object 'Object Repository/Page_CURA Healthcare Service/h2_Make Appointment' is: 'Make Appointment'

2023-08-01 15:16:06 - [MESSAGE][PASSED] - Text of object 'Object Repository/Page_CURA Healthcare Service/h2_Make Appointment' is: 'Make Appointment'

2023-08-01 15:16:06 - [TEST_STEP][PASSED] - click(findTestObject("Object Repository/Login-demo/Page_CURA Healthcare Service/a_CURA Healthcare_menu-toggle")): Object: 'Object Repository/Login-demo/Page_CURA Healthcare Service/a_CURA Healthcare_menu-toggle' is clicked on

2023-08-01 15:16:10 - [MESSAGE][PASSED] - Object: 'Object Repository/Login-demo/Page_CURA Healthcare Service/a_CURA Healthcare_menu-toggle' is clicked on

2023-08-01 15:16:10 - [TEST_STEP][PASSED] - verifyElementPresent(findTestObject("Object Repository/Login-demo/Page_CURA Healthcare Service/a_Logout"), 0): Object 'Object Repository/Login-demo/Page_CURA Healthcare Service/a_Logout' is present

2023-08-01 15:16:10 - [MESSAGE][WARNING] - Timeout '0' is invalid. Using default page load timeout: '30'

2023-08-01 15:16:13 - [MESSAGE][PASSED] - Object 'Object Repository/Login-demo/Page_CURA Healthcare Service/a_Logout' is present

2023-08-01 15:16:13 - [MESSAGE][PASSED] - Call Test Case 'Test Cases/yg lain/Login' successfully

2023-08-01 15:16:13 - [TEST_STEP][PASSED] - click(findTestObject("Object Repository/Booking/Page_CURA Healthcare Service/label_Apply for hospital readmission")): Object: 'Object Repository/Booking/Page_CURA Healthcare Service/label_Apply for hospital readmission' is clicked on

2023-08-01 15:16:19 - [MESSAGE][PASSED] - Object: 'Object Repository/Booking/Page_CURA Healthcare Service/label_Apply for hospital readmission' is clicked on

2023-08-01 15:16:19 - [TEST_STEP][PASSED] - click(findTestObject("Object Repository/Booking/Page_CURA Healthcare Service/label_Medicaid")): Object: 'Object Repository/Booking/Page_CURA Healthcare Service/label_Medicaid' is clicked on

2023-08-01 15:16:24 - [MESSAGE][PASSED] - Object: 'Object Repository/Booking/Page_CURA Healthcare Service/label_Medicaid' is clicked on

2023-08-01 15:16:24 - [TEST_STEP][PASSED] - click(findTestObject("Object Repository/Booking/Page_CURA Healthcare Service/input_Visit Date (Required)_visit_date")): Object: 'Object Repository/Booking/Page_CURA Healthcare Service/input_Visit Date (Required)_visit_date' is clicked on

2023-08-01 15:16:30 - [MESSAGE][PASSED] - Object: 'Object Repository/Booking/Page_CURA Healthcare Service/input_Visit Date (Required)_visit_date' is clicked on

2023-08-01 15:16:30 - [TEST_STEP][PASSED] - click(findTestObject("Object Repository/Booking/Page_CURA Healthcare Service/td_3")): Object: 'Object Repository/Booking/Page_CURA Healthcare Service/td_3' is clicked on

2023-08-01 15:16:36 - [MESSAGE][PASSED] - Object: 'Object Repository/Booking/Page_CURA Healthcare Service/td_3' is clicked on

2023-08-01 15:16:36 - [TEST_STEP][PASSED] - setText(findTestObject("Object Repository/Booking/Page_CURA Healthcare Service/textarea_Comment_comment"), "Aku sakit hati tapi pacarku cantik dan baik"): Text 'Aku sakit hati tapi pacarku cantik dan baik' is set on object 'Object Repository/Booking/Page_CURA Healthcare Service/textarea_Comment_comment'

2023-08-01 15:16:46 - [MESSAGE][PASSED] - Text 'Aku sakit hati tapi pacarku cantik dan baik' is set on object 'Object Repository/Booking/Page_CURA Healthcare Service/textarea_Comment_comment'

2023-08-01 15:16:46 - [TEST_STEP][PASSED] - click(findTestObject("Object Repository/Booking/Page_CURA Healthcare Service/button_Book Appointment")): Object: 'Object Repository/Booking/Page_CURA Healthcare Service/button_Book Appointment' is clicked on

2023-08-01 15:16:52 - [MESSAGE][PASSED] - Object: 'Object Repository/Booking/Page_CURA Healthcare Service/button_Book Appointment' is clicked on

2023-08-01 15:16:52 - [TEST_STEP][PASSED] - navigateToUrl("https://katalon-demo-cura.herokuapp.com/appointment.php#summary"): Navigate to 'https://katalon-demo-cura.herokuapp.com/appointment.php#summary' successfully

2023-08-01 15:16:54 - [MESSAGE][PASSED] - Navigate to 'https://katalon-demo-cura.herokuapp.com/appointment.php#summary' successfully

2023-08-01 15:16:54 - [TEST_STEP][PASSED] - rightClick(findTestObject("Object Repository/Booking/Page_CURA Healthcare Service/a_Go to Homepage")): Object: 'Object Repository/Booking/Page_CURA Healthcare Service/a_Go to Homepage' is right clicked on

2023-08-01 15:16:59 - [MESSAGE][PASSED] - Object: 'Object Repository/Booking/Page_CURA Healthcare Service/a_Go to Homepage' is right clicked on

2023-08-01 15:16:59 - [TEST_STEP][PASSED] - rightClick(findTestObject("Object Repository/Booking/Page_CURA Healthcare Service/h2_Appointment Confirmation")): Object: 'Object Repository/Booking/Page_CURA Healthcare Service/h2_Appointment Confirmation' is right clicked on

2023-08-01 15:17:03 - [MESSAGE][PASSED] - Object: 'Object Repository/Booking/Page_CURA Healthcare Service/h2_Appointment Confirmation' is right clicked on

2023-08-01 15:17:03 - [TEST_STEP][PASSED] - verifyElementText(findTestObject("Object Repository/Booking/Page_CURA Healthcare Service/h2_Appointment Confirmation"), "Appointment Confirmation"): Actual text and expected text of test object 'Object Repository/Booking/Page_CURA Healthcare Service/h2_Appointment Confirmation' are matched.

2023-08-01 15:17:06 - [MESSAGE][PASSED] - Actual text and expected text of test object 'Object Repository/Booking/Page_CURA Healthcare Service/h2_Appointment Confirmation' are matched.

2023-08-01 15:17:06 - [TEST_STEP][PASSED] - closeBrowser(): Browser is closed

2023-08-01 15:17:08 - [MESSAGE][PASSED] - Browser is closed]]></system-out>
         <system-err><![CDATA[]]></system-err>
      </testcase>
      <testcase name="Test Cases/yg lain/Login n Booking" time="210.162" classname="Test Cases/yg lain/Login n Booking" status="PASSED">
         <system-out><![CDATA[2023-08-01 15:17:08 - [TEST_CASE][PASSED] - Test Cases/yg lain/Login n Booking: Test Cases/yg lain/Login n Booking

2023-08-01 15:17:08 - [TEST_STEP][PASSED] - openBrowser(""): Browser is opened with url: ''

2023-08-01 15:17:08 - [MESSAGE][INFO] - User set preference: ['os', 'windows']

2023-08-01 15:17:08 - [MESSAGE][INFO] - User set preference: ['browserName', 'chrome']

2023-08-01 15:17:08 - [MESSAGE][INFO] - User set preference: ['browserVersion', '114']

2023-08-01 15:17:08 - [MESSAGE][INFO] - User set preference: ['katalon:option', '{organizationId=1221524, tunnelId=, usingTunnel=false}']

2023-08-01 15:17:08 - [MESSAGE][INFO] - Connecting to remote web server 'testcloud.katalon.com/hub' with type 'Selenium'

2023-08-01 15:17:08 - [MESSAGE][INFO] - Action delay is set to 1,000 milliseconds

2023-08-01 15:18:52 - [MESSAGE][PASSED] - Browser is opened with url: ''

2023-08-01 15:18:52 - [TEST_STEP][PASSED] - navigateToUrl("https://katalon-demo-cura.herokuapp.com/"): Navigate to 'https://katalon-demo-cura.herokuapp.com/' successfully

2023-08-01 15:18:55 - [MESSAGE][PASSED] - Navigate to 'https://katalon-demo-cura.herokuapp.com/' successfully

2023-08-01 15:18:55 - [TEST_STEP][PASSED] - verifyElementText(findTestObject("Object Repository/Login-Booking/Page_CURA Healthcare Service/h1_CURA Healthcare Service"), "CURA Healthcare Service"): Actual text and expected text of test object 'Object Repository/Login-Booking/Page_CURA Healthcare Service/h1_CURA Healthcare Service' are matched.

2023-08-01 15:18:59 - [MESSAGE][PASSED] - Actual text and expected text of test object 'Object Repository/Login-Booking/Page_CURA Healthcare Service/h1_CURA Healthcare Service' are matched.

2023-08-01 15:18:59 - [TEST_STEP][PASSED] - verifyElementText(findTestObject("Object Repository/Login-Booking/Page_CURA Healthcare Service/a_Make Appointment"), "Make Appointment"): Actual text and expected text of test object 'Object Repository/Login-Booking/Page_CURA Healthcare Service/a_Make Appointment' are matched.

2023-08-01 15:19:04 - [MESSAGE][PASSED] - Actual text and expected text of test object 'Object Repository/Login-Booking/Page_CURA Healthcare Service/a_Make Appointment' are matched.

2023-08-01 15:19:04 - [TEST_STEP][PASSED] - click(findTestObject("Object Repository/Login-Booking/Page_CURA Healthcare Service/a_Make Appointment")): Object: 'Object Repository/Login-Booking/Page_CURA Healthcare Service/a_Make Appointment' is clicked on

2023-08-01 15:19:10 - [MESSAGE][PASSED] - Object: 'Object Repository/Login-Booking/Page_CURA Healthcare Service/a_Make Appointment' is clicked on

2023-08-01 15:19:10 - [TEST_STEP][PASSED] - setText(findTestObject("Object Repository/Login-Booking/Page_CURA Healthcare Service/input_Username_username"), "John Doe"): Text 'John Doe' is set on object 'Object Repository/Login-Booking/Page_CURA Healthcare Service/input_Username_username'

2023-08-01 15:19:21 - [MESSAGE][PASSED] - Text 'John Doe' is set on object 'Object Repository/Login-Booking/Page_CURA Healthcare Service/input_Username_username'

2023-08-01 15:19:21 - [TEST_STEP][PASSED] - setEncryptedText(findTestObject("Object Repository/Login-Booking/Page_CURA Healthcare Service/input_Password_password"), "g3/DOGG74jC3Flrr3yH+3D/yKbOqqUNM"): Text ****** has been set on object 'Object Repository/Login-Booking/Page_CURA Healthcare Service/input_Password_password'

2023-08-01 15:19:28 - [MESSAGE][PASSED] - Text ****** has been set on object 'Object Repository/Login-Booking/Page_CURA Healthcare Service/input_Password_password'

2023-08-01 15:19:28 - [TEST_STEP][PASSED] - sendKeys(findTestObject("Object Repository/Login-Booking/Page_CURA Healthcare Service/input_Password_password"), Keys.chord(ENTER)): Keys 'ENTER + ' sent to object: 'Object Repository/Login-Booking/Page_CURA Healthcare Service/input_Password_password'

2023-08-01 15:19:34 - [MESSAGE][PASSED] - Keys 'ENTER + ' sent to object: 'Object Repository/Login-Booking/Page_CURA Healthcare Service/input_Password_password'

2023-08-01 15:19:34 - [TEST_STEP][PASSED] - click(findTestObject("Object Repository/Login-Booking/Page_CURA Healthcare Service/label_Apply for hospital readmission")): Object: 'Object Repository/Login-Booking/Page_CURA Healthcare Service/label_Apply for hospital readmission' is clicked on

2023-08-01 15:19:40 - [MESSAGE][PASSED] - Object: 'Object Repository/Login-Booking/Page_CURA Healthcare Service/label_Apply for hospital readmission' is clicked on

2023-08-01 15:19:40 - [TEST_STEP][PASSED] - click(findTestObject("Object Repository/Login-Booking/Page_CURA Healthcare Service/label_None")): Object: 'Object Repository/Login-Booking/Page_CURA Healthcare Service/label_None' is clicked on

2023-08-01 15:19:45 - [MESSAGE][PASSED] - Object: 'Object Repository/Login-Booking/Page_CURA Healthcare Service/label_None' is clicked on

2023-08-01 15:19:45 - [TEST_STEP][PASSED] - click(findTestObject("Object Repository/Login-Booking/Page_CURA Healthcare Service/input_Medicaid_programs")): Object: 'Object Repository/Login-Booking/Page_CURA Healthcare Service/input_Medicaid_programs' is clicked on

2023-08-01 15:19:50 - [MESSAGE][PASSED] - Object: 'Object Repository/Login-Booking/Page_CURA Healthcare Service/input_Medicaid_programs' is clicked on

2023-08-01 15:19:50 - [TEST_STEP][PASSED] - click(findTestObject("Object Repository/Login-Booking/Page_CURA Healthcare Service/input_Visit Date (Required)_visit_date")): Object: 'Object Repository/Login-Booking/Page_CURA Healthcare Service/input_Visit Date (Required)_visit_date' is clicked on

2023-08-01 15:19:56 - [MESSAGE][PASSED] - Object: 'Object Repository/Login-Booking/Page_CURA Healthcare Service/input_Visit Date (Required)_visit_date' is clicked on

2023-08-01 15:19:56 - [TEST_STEP][PASSED] - click(findTestObject("Object Repository/Login-Booking/Page_CURA Healthcare Service/td_30")): Object: 'Object Repository/Login-Booking/Page_CURA Healthcare Service/td_30' is clicked on

2023-08-01 15:20:01 - [MESSAGE][PASSED] - Object: 'Object Repository/Login-Booking/Page_CURA Healthcare Service/td_30' is clicked on

2023-08-01 15:20:01 - [TEST_STEP][PASSED] - click(findTestObject("Object Repository/Login-Booking/Page_CURA Healthcare Service/td_31")): Object: 'Object Repository/Login-Booking/Page_CURA Healthcare Service/td_31' is clicked on

2023-08-01 15:20:07 - [MESSAGE][PASSED] - Object: 'Object Repository/Login-Booking/Page_CURA Healthcare Service/td_31' is clicked on

2023-08-01 15:20:07 - [TEST_STEP][PASSED] - setText(findTestObject("Object Repository/Login-Booking/Page_CURA Healthcare Service/textarea_Comment_comment"), "sakit nih"): Text 'sakit nih' is set on object 'Object Repository/Login-Booking/Page_CURA Healthcare Service/textarea_Comment_comment'

2023-08-01 15:20:18 - [MESSAGE][PASSED] - Text 'sakit nih' is set on object 'Object Repository/Login-Booking/Page_CURA Healthcare Service/textarea_Comment_comment'

2023-08-01 15:20:18 - [TEST_STEP][PASSED] - click(findTestObject("Object Repository/Login-Booking/Page_CURA Healthcare Service/button_Book Appointment")): Object: 'Object Repository/Login-Booking/Page_CURA Healthcare Service/button_Book Appointment' is clicked on

2023-08-01 15:20:24 - [MESSAGE][PASSED] - Object: 'Object Repository/Login-Booking/Page_CURA Healthcare Service/button_Book Appointment' is clicked on

2023-08-01 15:20:24 - [TEST_STEP][PASSED] - verifyElementText(findTestObject("Object Repository/Login-Booking/Page_CURA Healthcare Service/h2_Appointment Confirmation"), "Appointment Confirmation"): Actual text and expected text of test object 'Object Repository/Login-Booking/Page_CURA Healthcare Service/h2_Appointment Confirmation' are matched.

2023-08-01 15:20:29 - [MESSAGE][PASSED] - Actual text and expected text of test object 'Object Repository/Login-Booking/Page_CURA Healthcare Service/h2_Appointment Confirmation' are matched.

2023-08-01 15:20:29 - [TEST_STEP][PASSED] - verifyElementText(findTestObject("Object Repository/Login-Booking/Page_CURA Healthcare Service/p_Tokyo CURA Healthcare Center"), "Tokyo CURA Healthcare Center"): Actual text and expected text of test object 'Object Repository/Login-Booking/Page_CURA Healthcare Service/p_Tokyo CURA Healthcare Center' are matched.

2023-08-01 15:20:33 - [MESSAGE][PASSED] - Actual text and expected text of test object 'Object Repository/Login-Booking/Page_CURA Healthcare Service/p_Tokyo CURA Healthcare Center' are matched.

2023-08-01 15:20:33 - [TEST_STEP][PASSED] - click(findTestObject("Object Repository/Login-Booking/Page_CURA Healthcare Service/a_Go to Homepage")): Object: 'Object Repository/Login-Booking/Page_CURA Healthcare Service/a_Go to Homepage' is clicked on

2023-08-01 15:20:38 - [MESSAGE][PASSED] - Object: 'Object Repository/Login-Booking/Page_CURA Healthcare Service/a_Go to Homepage' is clicked on]]></system-out>
         <system-err><![CDATA[]]></system-err>
      </testcase>
      <system-out><![CDATA[2023-08-01 15:14:21 - [TEST_SUITE][PASSED] - TS-demo: Test Cases/yg lain/Login n Booking]]></system-out>
      <system-err><![CDATA[]]></system-err>
   </testsuite>
</testsuites>
