<?xml version="1.0" encoding="UTF-8"?>
<testsuites name="TS- VT" time="32.078" tests="1" failures="0" errors="0">
   <testsuite name="TS- VT" tests="1" failures="0" errors="0" time="32.078" skipped="0" timestamp="2023-08-03 00:50:27" hostname="acer - anehsialan" id="Test Suites/TS-Visual Test/TS- VT">
      <properties>
         <property name="deviceName" value=""/>
         <property name="devicePlatform" value=""/>
         <property name="logFolder" value="C:\\Users\\acer\\git\\webuiproject\\Reports\\20230803_005017\\TS-Visual Test\\TS- VT\\20230803_005017"/>
         <property name="logFiles" value="C:\\Users\\acer\\git\\webuiproject\\Reports\\20230803_005017\\TS-Visual Test\\TS- VT\\20230803_005017\\execution0.log"/>
         <property name="attachments" value="keyes\keyes-ssAppointment.png"/>
         <property name="hostName" value="acer - anehsialan"/>
         <property name="os" value="Windows 11 64bit"/>
         <property name="katalonVersion" value="8.6.5.208"/>
         <property name="browser" value="Chrome 115.0.0.0"/>
         <property name="hostAddress" value="192.168.84.170"/>
         <property name="sessionId" value="2f6eb0725d4098dcbba8b12693002008"/>
         <property name="seleniumVersion" value="3.141.59"/>
         <property name="proxyInformation" value="ProxyInformation { proxyOption=NO_PROXY, proxyServerType=HTTP, username=, password=********, proxyServerAddress=, proxyServerPort=0, executionList=&quot;&quot;, isApplyToDesiredCapabilities=true }"/>
         <property name="platform" value="Windows 11"/>
      </properties>
      <testcase name="Test Cases/Visual testing/buat appointment" time="31.75" classname="Test Cases/Visual testing/buat appointment" status="PASSED">
         <system-out><![CDATA[2023-08-03 00:50:27 - [TEST_CASE][PASSED] - Test Cases/Visual testing/buat appointment: Test Cases/Visual testing/buat appointment

2023-08-03 00:50:28 - [TEST_STEP][PASSED] - openBrowser(""): Browser is opened with url: ''

2023-08-03 00:50:28 - [MESSAGE][INFO] - Starting 'Chrome' driver

2023-08-03 00:50:28 - [MESSAGE][INFO] - Action delay is set to 1,000 milliseconds

2023-08-03 00:50:31 - [MESSAGE][PASSED] - Browser is opened with url: ''

2023-08-03 00:50:31 - [TEST_STEP][PASSED] - navigateToUrl("https://katalon-demo-cura.herokuapp.com/"): Navigate to 'https://katalon-demo-cura.herokuapp.com/' successfully

2023-08-03 00:50:36 - [MESSAGE][PASSED] - Navigate to 'https://katalon-demo-cura.herokuapp.com/' successfully

2023-08-03 00:50:36 - [TEST_STEP][PASSED] - click(findTestObject("Object Repository/Page_CURA Healthcare Service/BtnMakeAppointment")): Object: 'Object Repository/Page_CURA Healthcare Service/BtnMakeAppointment' is clicked on

2023-08-03 00:50:38 - [MESSAGE][PASSED] - Object: 'Object Repository/Page_CURA Healthcare Service/BtnMakeAppointment' is clicked on

2023-08-03 00:50:38 - [TEST_STEP][PASSED] - setText(findTestObject("Object Repository/Page_CURA Healthcare Service/txtUsername"), "John Doe"): Text 'John Doe' is set on object 'Object Repository/Page_CURA Healthcare Service/txtUsername'

2023-08-03 00:50:41 - [MESSAGE][PASSED] - Text 'John Doe' is set on object 'Object Repository/Page_CURA Healthcare Service/txtUsername'

2023-08-03 00:50:41 - [TEST_STEP][PASSED] - setEncryptedText(findTestObject("Object Repository/Page_CURA Healthcare Service/txtPassword"), "g3/DOGG74jC3Flrr3yH+3D/yKbOqqUNM"): Text ****** has been set on object 'Object Repository/Page_CURA Healthcare Service/txtPassword'

2023-08-03 00:50:43 - [MESSAGE][PASSED] - Text ****** has been set on object 'Object Repository/Page_CURA Healthcare Service/txtPassword'

2023-08-03 00:50:43 - [TEST_STEP][PASSED] - click(findTestObject("Object Repository/Page_CURA Healthcare Service/btnLogin")): Object: 'Object Repository/Page_CURA Healthcare Service/btnLogin' is clicked on

2023-08-03 00:50:46 - [MESSAGE][PASSED] - Object: 'Object Repository/Page_CURA Healthcare Service/btnLogin' is clicked on

2023-08-03 00:50:46 - [TEST_STEP][PASSED] - click(findTestObject("Object Repository/Page_CURA Healthcare Service/cbApply for hospital readmission")): Object: 'Object Repository/Page_CURA Healthcare Service/cbApply for hospital readmission' is clicked on

2023-08-03 00:50:47 - [MESSAGE][PASSED] - Object: 'Object Repository/Page_CURA Healthcare Service/cbApply for hospital readmission' is clicked on

2023-08-03 00:50:47 - [TEST_STEP][PASSED] - click(findTestObject("Object Repository/Page_CURA Healthcare Service/cbMedicaid_programs")): Object: 'Object Repository/Page_CURA Healthcare Service/cbMedicaid_programs' is clicked on

2023-08-03 00:50:49 - [MESSAGE][PASSED] - Object: 'Object Repository/Page_CURA Healthcare Service/cbMedicaid_programs' is clicked on

2023-08-03 00:50:49 - [TEST_STEP][PASSED] - click(findTestObject("Object Repository/Page_CURA Healthcare Service/txtVisit Date")): Object: 'Object Repository/Page_CURA Healthcare Service/txtVisit Date' is clicked on

2023-08-03 00:50:50 - [MESSAGE][PASSED] - Object: 'Object Repository/Page_CURA Healthcare Service/txtVisit Date' is clicked on

2023-08-03 00:50:50 - [TEST_STEP][PASSED] - click(findTestObject("Object Repository/Page_CURA Healthcare Service/td_9")): Object: 'Object Repository/Page_CURA Healthcare Service/td_9' is clicked on

2023-08-03 00:50:52 - [MESSAGE][PASSED] - Object: 'Object Repository/Page_CURA Healthcare Service/td_9' is clicked on

2023-08-03 00:50:52 - [TEST_STEP][PASSED] - setText(findTestObject("Object Repository/Page_CURA Healthcare Service/text_Comment"), "sakit"): Text 'sakit' is set on object 'Object Repository/Page_CURA Healthcare Service/text_Comment'

2023-08-03 00:50:55 - [MESSAGE][PASSED] - Text 'sakit' is set on object 'Object Repository/Page_CURA Healthcare Service/text_Comment'

2023-08-03 00:50:55 - [TEST_STEP][PASSED] - click(findTestObject("Object Repository/Page_CURA Healthcare Service/btnBook Appointment")): Object: 'Object Repository/Page_CURA Healthcare Service/btnBook Appointment' is clicked on

2023-08-03 00:50:58 - [MESSAGE][PASSED] - Object: 'Object Repository/Page_CURA Healthcare Service/btnBook Appointment' is clicked on

2023-08-03 00:50:58 - [TEST_STEP][PASSED] - takeScreenshotAsCheckpoint("ssAppointment", []): Taking screenshot successfully

2023-08-03 00:50:59 - [MESSAGE][INFO] - 0 hidden object(s)

2023-08-03 00:50:59 - [MESSAGE][PASSED] - Taking screenshot successfully
[[ATTACHMENT|keyes\keyes-ssAppointment.png]]]]></system-out>
         <system-err><![CDATA[]]></system-err>
      </testcase>
      <system-out><![CDATA[2023-08-03 00:50:27 - [TEST_SUITE][PASSED] - TS- VT: Test Cases/Visual testing/buat appointment]]></system-out>
      <system-err><![CDATA[]]></system-err>
   </testsuite>
</testsuites>
