<?xml version="1.0" encoding="UTF-8"?>
<testsuites name="Hotels" time="107.844" tests="3" failures="0" errors="0">
   <testsuite name="Hotels" tests="3" failures="0" errors="0" time="107.844" skipped="0" timestamp="2023-08-03 22:21:49" hostname="acer - anehsialan" id="Test Suites/Internal Data/Hotels">
      <properties>
         <property name="deviceName" value=""/>
         <property name="devicePlatform" value=""/>
         <property name="logFolder" value="C:\\Users\\acer\\git\\webuiproject\\Reports\\20230803_222106\\Internal Data\\Hotels\\20230803_222138"/>
         <property name="logFiles" value="C:\\Users\\acer\\git\\webuiproject\\Reports\\20230803_222106\\Internal Data\\Hotels\\20230803_222138\\execution0.log"/>
         <property name="attachments" value=""/>
         <property name="hostName" value="acer - anehsialan"/>
         <property name="os" value="Windows 11 64bit"/>
         <property name="katalonVersion" value="8.6.5.208"/>
         <property name="browser" value="Chrome 115.0.0.0"/>
         <property name="hostAddress" value="192.168.233.170"/>
         <property name="sessionId" value="fb91af903d485e6f963e27a090639fc1"/>
         <property name="seleniumVersion" value="3.141.59"/>
         <property name="proxyInformation" value="ProxyInformation { proxyOption=NO_PROXY, proxyServerType=HTTP, username=, password=********, proxyServerAddress=, proxyServerPort=0, executionList=&quot;&quot;, isApplyToDesiredCapabilities=true }"/>
         <property name="platform" value="Windows 11"/>
      </properties>
      <testcase name="Test Cases/Data Driven Testing/Find a place" time="42.453" classname="Test Cases/Data Driven Testing/Find a place" status="PASSED">
         <system-out><![CDATA[2023-08-03 22:21:49 - [TEST_CASE][PASSED] - Test Cases/Data Driven Testing/Find a place: Test Cases/Data Driven Testing/Find a place

2023-08-03 22:21:50 - [TEST_STEP][PASSED] - openBrowser(""): Browser is opened with url: ''

2023-08-03 22:21:50 - [MESSAGE][INFO] - Starting 'Chrome' driver

2023-08-03 22:21:50 - [MESSAGE][INFO] - Action delay is set to 1,000 milliseconds

2023-08-03 22:21:52 - [MESSAGE][PASSED] - Browser is opened with url: ''

2023-08-03 22:21:52 - [TEST_STEP][PASSED] - navigateToUrl("https://www.airbnb.com/"): Navigate to 'https://www.airbnb.com/' successfully

2023-08-03 22:22:13 - [MESSAGE][PASSED] - Navigate to 'https://www.airbnb.com/' successfully

2023-08-03 22:22:13 - [TEST_STEP][PASSED] - click(findTestObject("Object Repository/airbnb/Page_Vacation Homes  Condo Rentals - Airbnb_f5c50c/div_Anywhere")): Object: 'Object Repository/airbnb/Page_Vacation Homes  Condo Rentals - Airbnb_f5c50c/div_Anywhere' is clicked on

2023-08-03 22:22:16 - [MESSAGE][PASSED] - Object: 'Object Repository/airbnb/Page_Vacation Homes  Condo Rentals - Airbnb_f5c50c/div_Anywhere' is clicked on

2023-08-03 22:22:16 - [TEST_STEP][PASSED] - setText(findTestObject("Object Repository/airbnb/Page_Vacation Homes  Condo Rentals - Airbnb_f5c50c/input_Where_query"), city): Text 'Tokyo' is set on object 'Object Repository/airbnb/Page_Vacation Homes  Condo Rentals - Airbnb_f5c50c/input_Where_query'

2023-08-03 22:22:20 - [MESSAGE][PASSED] - Text 'Tokyo' is set on object 'Object Repository/airbnb/Page_Vacation Homes  Condo Rentals - Airbnb_f5c50c/input_Where_query'

2023-08-03 22:22:20 - [TEST_STEP][PASSED] - click(findTestObject("Object Repository/airbnb/Page_Vacation Homes  Condo Rentals - Airbnb_f5c50c/div_Check in")): Object: 'Object Repository/airbnb/Page_Vacation Homes  Condo Rentals - Airbnb_f5c50c/div_Check in' is clicked on

2023-08-03 22:22:25 - [MESSAGE][PASSED] - Object: 'Object Repository/airbnb/Page_Vacation Homes  Condo Rentals - Airbnb_f5c50c/div_Check in' is clicked on

2023-08-03 22:22:25 - [TEST_STEP][PASSED] - click(findTestObject("Object Repository/airbnb/Page_Vacation Homes  Condo Rentals - Airbnb_f5c50c/div_3 days")): Object: 'Object Repository/airbnb/Page_Vacation Homes  Condo Rentals - Airbnb_f5c50c/div_3 days' is clicked on

2023-08-03 22:22:27 - [MESSAGE][PASSED] - Object: 'Object Repository/airbnb/Page_Vacation Homes  Condo Rentals - Airbnb_f5c50c/div_3 days' is clicked on

2023-08-03 22:22:27 - [TEST_STEP][PASSED] - click(findTestObject("Object Repository/airbnb/Page_Vacation Homes  Condo Rentals - Airbnb_f5c50c/label_3 days")): Object: 'Object Repository/airbnb/Page_Vacation Homes  Condo Rentals - Airbnb_f5c50c/label_3 days' is clicked on

2023-08-03 22:22:29 - [MESSAGE][PASSED] - Object: 'Object Repository/airbnb/Page_Vacation Homes  Condo Rentals - Airbnb_f5c50c/label_3 days' is clicked on

2023-08-03 22:22:29 - [TEST_STEP][PASSED] - click(findTestObject("Object Repository/airbnb/Page_Vacation Homes  Condo Rentals - Airbnb_f5c50c/span_Add guests_t1dqvypu dir dir-ltr")): Object: 'Object Repository/airbnb/Page_Vacation Homes  Condo Rentals - Airbnb_f5c50c/span_Add guests_t1dqvypu dir dir-ltr' is clicked on

2023-08-03 22:22:31 - [MESSAGE][PASSED] - Object: 'Object Repository/airbnb/Page_Vacation Homes  Condo Rentals - Airbnb_f5c50c/span_Add guests_t1dqvypu dir dir-ltr' is clicked on

2023-08-03 22:22:31 - [TEST_STEP][PASSED] - closeBrowser(): Browser is closed

2023-08-03 22:22:32 - [MESSAGE][PASSED] - Browser is closed]]></system-out>
         <system-err><![CDATA[]]></system-err>
      </testcase>
      <testcase name="Test Cases/Data Driven Testing/Find a place" time="28.516" classname="Test Cases/Data Driven Testing/Find a place" status="PASSED">
         <system-out><![CDATA[2023-08-03 22:22:32 - [TEST_CASE][PASSED] - Test Cases/Data Driven Testing/Find a place: Test Cases/Data Driven Testing/Find a place

2023-08-03 22:22:32 - [TEST_STEP][PASSED] - openBrowser(""): Browser is opened with url: ''

2023-08-03 22:22:32 - [MESSAGE][INFO] - Starting 'Chrome' driver

2023-08-03 22:22:32 - [MESSAGE][INFO] - Action delay is set to 1,000 milliseconds

2023-08-03 22:22:33 - [MESSAGE][PASSED] - Browser is opened with url: ''

2023-08-03 22:22:33 - [TEST_STEP][PASSED] - navigateToUrl("https://www.airbnb.com/"): Navigate to 'https://www.airbnb.com/' successfully

2023-08-03 22:22:44 - [MESSAGE][PASSED] - Navigate to 'https://www.airbnb.com/' successfully

2023-08-03 22:22:44 - [TEST_STEP][PASSED] - click(findTestObject("Object Repository/airbnb/Page_Vacation Homes  Condo Rentals - Airbnb_f5c50c/div_Anywhere")): Object: 'Object Repository/airbnb/Page_Vacation Homes  Condo Rentals - Airbnb_f5c50c/div_Anywhere' is clicked on

2023-08-03 22:22:47 - [MESSAGE][PASSED] - Object: 'Object Repository/airbnb/Page_Vacation Homes  Condo Rentals - Airbnb_f5c50c/div_Anywhere' is clicked on

2023-08-03 22:22:47 - [TEST_STEP][PASSED] - setText(findTestObject("Object Repository/airbnb/Page_Vacation Homes  Condo Rentals - Airbnb_f5c50c/input_Where_query"), city): Text 'Atlanta' is set on object 'Object Repository/airbnb/Page_Vacation Homes  Condo Rentals - Airbnb_f5c50c/input_Where_query'

2023-08-03 22:22:50 - [MESSAGE][PASSED] - Text 'Atlanta' is set on object 'Object Repository/airbnb/Page_Vacation Homes  Condo Rentals - Airbnb_f5c50c/input_Where_query'

2023-08-03 22:22:50 - [TEST_STEP][PASSED] - click(findTestObject("Object Repository/airbnb/Page_Vacation Homes  Condo Rentals - Airbnb_f5c50c/div_Check in")): Object: 'Object Repository/airbnb/Page_Vacation Homes  Condo Rentals - Airbnb_f5c50c/div_Check in' is clicked on

2023-08-03 22:22:54 - [MESSAGE][PASSED] - Object: 'Object Repository/airbnb/Page_Vacation Homes  Condo Rentals - Airbnb_f5c50c/div_Check in' is clicked on

2023-08-03 22:22:54 - [TEST_STEP][PASSED] - click(findTestObject("Object Repository/airbnb/Page_Vacation Homes  Condo Rentals - Airbnb_f5c50c/div_3 days")): Object: 'Object Repository/airbnb/Page_Vacation Homes  Condo Rentals - Airbnb_f5c50c/div_3 days' is clicked on

2023-08-03 22:22:56 - [MESSAGE][PASSED] - Object: 'Object Repository/airbnb/Page_Vacation Homes  Condo Rentals - Airbnb_f5c50c/div_3 days' is clicked on

2023-08-03 22:22:56 - [TEST_STEP][PASSED] - click(findTestObject("Object Repository/airbnb/Page_Vacation Homes  Condo Rentals - Airbnb_f5c50c/label_3 days")): Object: 'Object Repository/airbnb/Page_Vacation Homes  Condo Rentals - Airbnb_f5c50c/label_3 days' is clicked on

2023-08-03 22:22:58 - [MESSAGE][PASSED] - Object: 'Object Repository/airbnb/Page_Vacation Homes  Condo Rentals - Airbnb_f5c50c/label_3 days' is clicked on

2023-08-03 22:22:58 - [TEST_STEP][PASSED] - click(findTestObject("Object Repository/airbnb/Page_Vacation Homes  Condo Rentals - Airbnb_f5c50c/span_Add guests_t1dqvypu dir dir-ltr")): Object: 'Object Repository/airbnb/Page_Vacation Homes  Condo Rentals - Airbnb_f5c50c/span_Add guests_t1dqvypu dir dir-ltr' is clicked on

2023-08-03 22:23:00 - [MESSAGE][PASSED] - Object: 'Object Repository/airbnb/Page_Vacation Homes  Condo Rentals - Airbnb_f5c50c/span_Add guests_t1dqvypu dir dir-ltr' is clicked on

2023-08-03 22:23:00 - [TEST_STEP][PASSED] - closeBrowser(): Browser is closed

2023-08-03 22:23:00 - [MESSAGE][PASSED] - Browser is closed]]></system-out>
         <system-err><![CDATA[]]></system-err>
      </testcase>
      <testcase name="Test Cases/Data Driven Testing/Find a place" time="36.67" classname="Test Cases/Data Driven Testing/Find a place" status="PASSED">
         <system-out><![CDATA[2023-08-03 22:23:00 - [TEST_CASE][PASSED] - Test Cases/Data Driven Testing/Find a place: Test Cases/Data Driven Testing/Find a place

2023-08-03 22:23:00 - [TEST_STEP][PASSED] - openBrowser(""): Browser is opened with url: ''

2023-08-03 22:23:00 - [MESSAGE][INFO] - Starting 'Chrome' driver

2023-08-03 22:23:00 - [MESSAGE][INFO] - Action delay is set to 1,000 milliseconds

2023-08-03 22:23:02 - [MESSAGE][PASSED] - Browser is opened with url: ''

2023-08-03 22:23:02 - [TEST_STEP][PASSED] - navigateToUrl("https://www.airbnb.com/"): Navigate to 'https://www.airbnb.com/' successfully

2023-08-03 22:23:20 - [MESSAGE][PASSED] - Navigate to 'https://www.airbnb.com/' successfully

2023-08-03 22:23:20 - [TEST_STEP][PASSED] - click(findTestObject("Object Repository/airbnb/Page_Vacation Homes  Condo Rentals - Airbnb_f5c50c/div_Anywhere")): Object: 'Object Repository/airbnb/Page_Vacation Homes  Condo Rentals - Airbnb_f5c50c/div_Anywhere' is clicked on

2023-08-03 22:23:25 - [MESSAGE][PASSED] - Object: 'Object Repository/airbnb/Page_Vacation Homes  Condo Rentals - Airbnb_f5c50c/div_Anywhere' is clicked on

2023-08-03 22:23:25 - [TEST_STEP][PASSED] - setText(findTestObject("Object Repository/airbnb/Page_Vacation Homes  Condo Rentals - Airbnb_f5c50c/input_Where_query"), city): Text 'Jakarta' is set on object 'Object Repository/airbnb/Page_Vacation Homes  Condo Rentals - Airbnb_f5c50c/input_Where_query'

2023-08-03 22:23:28 - [MESSAGE][PASSED] - Text 'Jakarta' is set on object 'Object Repository/airbnb/Page_Vacation Homes  Condo Rentals - Airbnb_f5c50c/input_Where_query'

2023-08-03 22:23:28 - [TEST_STEP][PASSED] - click(findTestObject("Object Repository/airbnb/Page_Vacation Homes  Condo Rentals - Airbnb_f5c50c/div_Check in")): Object: 'Object Repository/airbnb/Page_Vacation Homes  Condo Rentals - Airbnb_f5c50c/div_Check in' is clicked on

2023-08-03 22:23:31 - [MESSAGE][PASSED] - Object: 'Object Repository/airbnb/Page_Vacation Homes  Condo Rentals - Airbnb_f5c50c/div_Check in' is clicked on

2023-08-03 22:23:31 - [TEST_STEP][PASSED] - click(findTestObject("Object Repository/airbnb/Page_Vacation Homes  Condo Rentals - Airbnb_f5c50c/div_3 days")): Object: 'Object Repository/airbnb/Page_Vacation Homes  Condo Rentals - Airbnb_f5c50c/div_3 days' is clicked on

2023-08-03 22:23:32 - [MESSAGE][PASSED] - Object: 'Object Repository/airbnb/Page_Vacation Homes  Condo Rentals - Airbnb_f5c50c/div_3 days' is clicked on

2023-08-03 22:23:32 - [TEST_STEP][PASSED] - click(findTestObject("Object Repository/airbnb/Page_Vacation Homes  Condo Rentals - Airbnb_f5c50c/label_3 days")): Object: 'Object Repository/airbnb/Page_Vacation Homes  Condo Rentals - Airbnb_f5c50c/label_3 days' is clicked on

2023-08-03 22:23:35 - [MESSAGE][PASSED] - Object: 'Object Repository/airbnb/Page_Vacation Homes  Condo Rentals - Airbnb_f5c50c/label_3 days' is clicked on

2023-08-03 22:23:35 - [TEST_STEP][PASSED] - click(findTestObject("Object Repository/airbnb/Page_Vacation Homes  Condo Rentals - Airbnb_f5c50c/span_Add guests_t1dqvypu dir dir-ltr")): Object: 'Object Repository/airbnb/Page_Vacation Homes  Condo Rentals - Airbnb_f5c50c/span_Add guests_t1dqvypu dir dir-ltr' is clicked on

2023-08-03 22:23:36 - [MESSAGE][PASSED] - Object: 'Object Repository/airbnb/Page_Vacation Homes  Condo Rentals - Airbnb_f5c50c/span_Add guests_t1dqvypu dir dir-ltr' is clicked on

2023-08-03 22:23:36 - [TEST_STEP][PASSED] - closeBrowser(): Browser is closed

2023-08-03 22:23:37 - [MESSAGE][PASSED] - Browser is closed]]></system-out>
         <system-err><![CDATA[]]></system-err>
      </testcase>
      <system-out><![CDATA[2023-08-03 22:21:49 - [TEST_SUITE][PASSED] - Hotels: Test Cases/Data Driven Testing/Find a place]]></system-out>
      <system-err><![CDATA[]]></system-err>
   </testsuite>
</testsuites>
